<?xml version="1.0" encoding="UTF-8"?>
<!-- Generated by org.testng.reporters.JUnitReportReporter -->
<testsuite hostname="QKSRVSH05" failures="0" tests="1" name="PragatiTraining.CICDDemo.AdditionTestCases" time="0.016" errors="0" timestamp="2021-05-15T10:11:33 IST" skipped="0">
  <testcase classname="PragatiTraining.CICDDemo.AdditionTestCases" name="testAddition" time="0.016"/>
  <system-out/>
</testsuite> <!-- PragatiTraining.CICDDemo.AdditionTestCases -->
